[36mINFO[0m[0000] Docker Plugin
Build Information:
  User             =  SamikshaKumari
  skip existing    =  true
  Utility          =  false
  Plugin Version   =  v3.21.0
  No Publish       =  false
  Lambda           =  false
  Regions          =  [us-east-1]
  Tags             =  [tutorial-f51f0f7] 
[36mINFO[0m[0000] replace old Artifactory DNS                  
+ sed -i -E s/^FROM[[:space:]]+cglclouddev-clouddev-docker-registry.jfrog.io/FROM docker.binrepo.cglcloud.in/gi Dockerfile
+ sed -i -E s/^FROM[[:space:]]+cglclouddev-cglclouddev-docker-utilities.jfrog.io/FROM docker-utilities.binrepo.cglcloud.in/gi Dockerfile
+ /usr/local/bin/dockerd --data-root /var/lib/docker --host=unix:///var/run/docker.sock --registry-mirror https://hub-cache.cglcloud.in --dns 10.12.248.2
+ /usr/local/bin/docker build --rm=true -f Dockerfile -t f51f0f79c31771f79c54f83c36cac7068362d126 . --label vela.build.author=SamikshaKumari --label vela.repo.link=https://git.cglcloud.com/VishalGrover/goodfork --label vela.build.sender=SamikshaKumari --label vela.build.author.email=samiksha_kumari@cargill.com --label vela.build.started=1764583575 --label vela.build.link=https://vela.cglcloud.in/VishalGrover/goodfork/57
#0 building with "default" instance using docker driver

#1 [internal] load build definition from Dockerfile
#1 transferring dockerfile: 1.72kB done
#1 DONE 0.0s

#2 [internal] load metadata for docker.io/library/node:20-slim
#2 DONE 1.0s

#3 [internal] load .dockerignore
#3 transferring context: 2B done
#3 DONE 0.0s

#4 [internal] load build context
#4 transferring context: 4.76MB 0.0s done
#4 DONE 0.0s

#5 [base 1/3] FROM docker.io/library/node:20-slim@sha256:fbb357f69d05c97333855b0846e4ef65462409728312df3c9ff12c941741c0a5
#5 resolve docker.io/library/node:20-slim@sha256:fbb357f69d05c97333855b0846e4ef65462409728312df3c9ff12c941741c0a5 done
#5 sha256:2438320b4ccbd33ac7604379feb463eb5663acc8da2e8b1b6922748b6f37d40f 6.87kB / 6.87kB done
#5 sha256:8e44f01296e3a6fdc31a671bee1c2259c5d5ee8b49f29aec42b5d2af15600296 0B / 28.23MB 0.1s
#5 sha256:667488fa52209fbc392b2a49e68f3c46df0c44d8b917f2453da1e5fac360c23e 0B / 3.31kB 0.1s
#5 sha256:e96ce70b461ab9fac01418f8ac4e109475e7792d8b9d50a4e43db49543cc1d53 0B / 40.99MB 0.1s
#5 sha256:fbb357f69d05c97333855b0846e4ef65462409728312df3c9ff12c941741c0a5 6.49kB / 6.49kB done
#5 sha256:4067c96fe6907b2879ee0405b943943084466749c1f0bd16158a7a4794ac85a1 1.93kB / 1.93kB done
#5 sha256:8e44f01296e3a6fdc31a671bee1c2259c5d5ee8b49f29aec42b5d2af15600296 13.63MB / 28.23MB 0.5s
#5 sha256:8e44f01296e3a6fdc31a671bee1c2259c5d5ee8b49f29aec42b5d2af15600296 18.87MB / 28.23MB 0.6s
#5 sha256:667488fa52209fbc392b2a49e68f3c46df0c44d8b917f2453da1e5fac360c23e 3.31kB / 3.31kB 0.5s done
#5 sha256:e96ce70b461ab9fac01418f8ac4e109475e7792d8b9d50a4e43db49543cc1d53 16.78MB / 40.99MB 0.6s
#5 sha256:6c2b787b4c4591781a78ed49926828fe9c8ab50228f8ccf38a6ab8ac9a22ac80 0B / 1.71MB 0.6s
#5 extracting sha256:8e44f01296e3a6fdc31a671bee1c2259c5d5ee8b49f29aec42b5d2af15600296
#5 sha256:8e44f01296e3a6fdc31a671bee1c2259c5d5ee8b49f29aec42b5d2af15600296 28.23MB / 28.23MB 0.6s done
#5 sha256:e96ce70b461ab9fac01418f8ac4e109475e7792d8b9d50a4e43db49543cc1d53 26.21MB / 40.99MB 0.7s
#5 sha256:aa42edbc26fe12272cc806bf99cf4d5d6b2a2cf09f4b6f5492eff9604be18e84 0B / 448B 0.7s
#5 sha256:e96ce70b461ab9fac01418f8ac4e109475e7792d8b9d50a4e43db49543cc1d53 32.51MB / 40.99MB 0.8s
#5 sha256:6c2b787b4c4591781a78ed49926828fe9c8ab50228f8ccf38a6ab8ac9a22ac80 1.71MB / 1.71MB 0.8s done
#5 sha256:e96ce70b461ab9fac01418f8ac4e109475e7792d8b9d50a4e43db49543cc1d53 40.99MB / 40.99MB 0.9s done
#5 sha256:aa42edbc26fe12272cc806bf99cf4d5d6b2a2cf09f4b6f5492eff9604be18e84 448B / 448B 1.0s done
#5 extracting sha256:8e44f01296e3a6fdc31a671bee1c2259c5d5ee8b49f29aec42b5d2af15600296 0.7s done
#5 extracting sha256:667488fa52209fbc392b2a49e68f3c46df0c44d8b917f2453da1e5fac360c23e done
#5 extracting sha256:e96ce70b461ab9fac01418f8ac4e109475e7792d8b9d50a4e43db49543cc1d53
#5 extracting sha256:e96ce70b461ab9fac01418f8ac4e109475e7792d8b9d50a4e43db49543cc1d53 0.8s done
#5 extracting sha256:6c2b787b4c4591781a78ed49926828fe9c8ab50228f8ccf38a6ab8ac9a22ac80
#5 extracting sha256:6c2b787b4c4591781a78ed49926828fe9c8ab50228f8ccf38a6ab8ac9a22ac80 0.0s done
#5 extracting sha256:aa42edbc26fe12272cc806bf99cf4d5d6b2a2cf09f4b6f5492eff9604be18e84 done
#5 DONE 2.4s

#6 [base 2/3] WORKDIR /app
#6 DONE 0.0s

#7 [base 3/3] RUN apt-get update && apt-get install -y --no-install-recommends     ca-certificates     openssl     libssl-dev     python3     make     g++     build-essential     && rm -rf /var/lib/apt/lists/*
#7 0.115 Get:1 http://deb.debian.org/debian bookworm InRelease [151 kB]
#7 0.125 Get:2 http://deb.debian.org/debian bookworm-updates InRelease [55.4 kB]
#7 0.129 Get:3 http://deb.debian.org/debian-security bookworm-security InRelease [48.0 kB]
#7 0.168 Get:4 http://deb.debian.org/debian bookworm/main amd64 Packages [8791 kB]
#7 0.212 Get:5 http://deb.debian.org/debian bookworm-updates/main amd64 Packages [6924 B]
#7 0.241 Get:6 http://deb.debian.org/debian-security bookworm-security/main amd64 Packages [288 kB]
#7 0.990 Fetched 9341 kB in 1s (10.5 MB/s)
#7 0.990 Reading package lists...
#7 1.375 Reading package lists...
#7 1.751 Building dependency tree...
#7 1.827 Reading state information...
#7 1.927 The following additional packages will be installed:
#7 1.927   binutils binutils-common binutils-x86-64-linux-gnu bzip2 cpp cpp-12 dpkg-dev
#7 1.927   g++-12 gcc gcc-12 libasan8 libatomic1 libbinutils libc-dev-bin libc6-dev
#7 1.927   libcc1-0 libcrypt-dev libctf-nobfd0 libctf0 libdpkg-perl libexpat1
#7 1.927   libgcc-12-dev libgdbm-compat4 libgdbm6 libgomp1 libgprofng0 libgssapi-krb5-2
#7 1.927   libisl23 libitm1 libjansson4 libk5crypto3 libkeyutils1 libkrb5-3
#7 1.927   libkrb5support0 liblsan0 libmpc3 libmpfr6 libncursesw6 libnsl-dev libnsl2
#7 1.927   libperl5.36 libpython3-stdlib libpython3.11-minimal libpython3.11-stdlib
#7 1.927   libquadmath0 libreadline8 libsqlite3-0 libssl3 libstdc++-12-dev
#7 1.927   libtirpc-common libtirpc-dev libtirpc3 libtsan2 libubsan1 linux-libc-dev
#7 1.927   media-types patch perl perl-modules-5.36 python3-minimal python3.11
#7 1.927   python3.11-minimal readline-common rpcsvc-proto xz-utils
#7 1.928 Suggested packages:
#7 1.928   binutils-doc bzip2-doc cpp-doc gcc-12-locales cpp-12-doc debian-keyring
#7 1.928   g++-multilib g++-12-multilib gcc-12-doc gcc-multilib manpages-dev autoconf
#7 1.928   automake libtool flex bison gdb gcc-doc gcc-12-multilib glibc-doc gnupg | sq
#7 1.928   | sqop | pgpainless-cli sensible-utils git bzr gdbm-l10n krb5-doc krb5-user
#7 1.928   libssl-doc libstdc++-12-doc make-doc ed diffutils-doc perl-doc
#7 1.928   libterm-readline-gnu-perl | libterm-readline-perl-perl
#7 1.928   libtap-harness-archive-perl python3-doc python3-tk python3-venv
#7 1.928   python3.11-venv python3.11-doc binfmt-support readline-doc
#7 1.928 Recommended packages:
#7 1.928   fakeroot gnupg | sq | sqop | pgpainless-cli libalgorithm-merge-perl manpages
#7 1.928   manpages-dev libc-devtools libfile-fcntllock-perl liblocale-gettext-perl
#7 1.928   krb5-locales libgpm2 netbase
#7 2.210 The following NEW packages will be installed:
#7 2.210   binutils binutils-common binutils-x86-64-linux-gnu build-essential bzip2
#7 2.210   ca-certificates cpp cpp-12 dpkg-dev g++ g++-12 gcc gcc-12 libasan8
#7 2.210   libatomic1 libbinutils libc-dev-bin libc6-dev libcc1-0 libcrypt-dev
#7 2.210   libctf-nobfd0 libctf0 libdpkg-perl libexpat1 libgcc-12-dev libgdbm-compat4
#7 2.210   libgdbm6 libgomp1 libgprofng0 libgssapi-krb5-2 libisl23 libitm1 libjansson4
#7 2.210   libk5crypto3 libkeyutils1 libkrb5-3 libkrb5support0 liblsan0 libmpc3
#7 2.210   libmpfr6 libncursesw6 libnsl-dev libnsl2 libperl5.36 libpython3-stdlib
#7 2.211   libpython3.11-minimal libpython3.11-stdlib libquadmath0 libreadline8
#7 2.211   libsqlite3-0 libssl-dev libssl3 libstdc++-12-dev libtirpc-common
#7 2.211   libtirpc-dev libtirpc3 libtsan2 libubsan1 linux-libc-dev make media-types
#7 2.211   openssl patch perl perl-modules-5.36 python3 python3-minimal python3.11
#7 2.211   python3.11-minimal readline-common rpcsvc-proto xz-utils
#7 2.231 0 upgraded, 72 newly installed, 0 to remove and 0 not upgraded.
#7 2.231 Need to get 87.1 MB of archives.
#7 2.231 After this operation, 363 MB of additional disk space will be used.
#7 2.231 Get:1 http://deb.debian.org/debian bookworm/main amd64 perl-modules-5.36 all 5.36.0-7+deb12u3 [2815 kB]
#7 2.261 Get:2 http://deb.debian.org/debian bookworm/main amd64 libgdbm6 amd64 1.23-3 [72.2 kB]
#7 2.262 Get:3 http://deb.debian.org/debian bookworm/main amd64 libgdbm-compat4 amd64 1.23-3 [48.2 kB]
#7 2.263 Get:4 http://deb.debian.org/debian bookworm/main amd64 libperl5.36 amd64 5.36.0-7+deb12u3 [4196 kB]
#7 2.321 Get:5 http://deb.debian.org/debian bookworm/main amd64 perl amd64 5.36.0-7+deb12u3 [239 kB]
#7 2.322 Get:6 http://deb.debian.org/debian-security bookworm-security/main amd64 libssl3 amd64 3.0.17-1~deb12u3 [2028 kB]
#7 2.342 Get:7 http://deb.debian.org/debian bookworm/main amd64 libpython3.11-minimal amd64 3.11.2-6+deb12u6 [817 kB]
#7 2.349 Get:8 http://deb.debian.org/debian bookworm/main amd64 libexpat1 amd64 2.5.0-1+deb12u2 [99.9 kB]
#7 2.351 Get:9 http://deb.debian.org/debian bookworm/main amd64 python3.11-minimal amd64 3.11.2-6+deb12u6 [2064 kB]
#7 2.376 Get:10 http://deb.debian.org/debian bookworm/main amd64 python3-minimal amd64 3.11.2-1+b1 [26.3 kB]
#7 2.376 Get:11 http://deb.debian.org/debian bookworm/main amd64 media-types all 10.0.0 [26.1 kB]
#7 2.380 Get:12 http://deb.debian.org/debian bookworm/main amd64 libncursesw6 amd64 6.4-4 [134 kB]
#7 2.383 Get:13 http://deb.debian.org/debian bookworm/main amd64 libkrb5support0 amd64 1.20.1-2+deb12u4 [33.2 kB]
#7 2.383 Get:14 http://deb.debian.org/debian bookworm/main amd64 libk5crypto3 amd64 1.20.1-2+deb12u4 [79.8 kB]
#7 2.384 Get:15 http://deb.debian.org/debian bookworm/main amd64 libkeyutils1 amd64 1.6.3-2 [8808 B]
#7 2.384 Get:16 http://deb.debian.org/debian bookworm/main amd64 libkrb5-3 amd64 1.20.1-2+deb12u4 [334 kB]
#7 2.387 Get:17 http://deb.debian.org/debian bookworm/main amd64 libgssapi-krb5-2 amd64 1.20.1-2+deb12u4 [135 kB]
#7 2.388 Get:18 http://deb.debian.org/debian bookworm/main amd64 libtirpc-common all 1.3.3+ds-1 [14.0 kB]
#7 2.388 Get:19 http://deb.debian.org/debian bookworm/main amd64 libtirpc3 amd64 1.3.3+ds-1 [85.2 kB]
#7 2.388 Get:20 http://deb.debian.org/debian bookworm/main amd64 libnsl2 amd64 1.3.0-2 [39.5 kB]
#7 2.388 Get:21 http://deb.debian.org/debian bookworm/main amd64 readline-common all 8.2-1.3 [69.0 kB]
#7 2.392 Get:22 http://deb.debian.org/debian bookworm/main amd64 libreadline8 amd64 8.2-1.3 [166 kB]
#7 2.395 Get:23 http://deb.debian.org/debian bookworm/main amd64 libsqlite3-0 amd64 3.40.1-2+deb12u2 [839 kB]
#7 2.409 Get:24 http://deb.debian.org/debian bookworm/main amd64 libpython3.11-stdlib amd64 3.11.2-6+deb12u6 [1798 kB]
#7 2.438 Get:25 http://deb.debian.org/debian bookworm/main amd64 python3.11 amd64 3.11.2-6+deb12u6 [573 kB]
#7 2.449 Get:26 http://deb.debian.org/debian bookworm/main amd64 libpython3-stdlib amd64 3.11.2-1+b1 [9312 B]
#7 2.450 Get:27 http://deb.debian.org/debian bookworm/main amd64 python3 amd64 3.11.2-1+b1 [26.3 kB]
#7 2.450 Get:28 http://deb.debian.org/debian bookworm/main amd64 bzip2 amd64 1.0.8-5+b1 [49.8 kB]
#7 2.451 Get:29 http://deb.debian.org/debian-security bookworm-security/main amd64 openssl amd64 3.0.17-1~deb12u3 [1434 kB]
#7 2.474 Get:30 http://deb.debian.org/debian bookworm/main amd64 ca-certificates all 20230311+deb12u1 [155 kB]
#7 2.476 Get:31 http://deb.debian.org/debian bookworm/main amd64 xz-utils amd64 5.4.1-1 [471 kB]
#7 2.478 Get:32 http://deb.debian.org/debian bookworm/main amd64 binutils-common amd64 2.40-2 [2487 kB]
#7 2.516 Get:33 http://deb.debian.org/debian bookworm/main amd64 libbinutils amd64 2.40-2 [572 kB]
#7 2.519 Get:34 http://deb.debian.org/debian bookworm/main amd64 libctf-nobfd0 amd64 2.40-2 [153 kB]
#7 2.520 Get:35 http://deb.debian.org/debian bookworm/main amd64 libctf0 amd64 2.40-2 [89.8 kB]
#7 2.520 Get:36 http://deb.debian.org/debian bookworm/main amd64 libgprofng0 amd64 2.40-2 [812 kB]
#7 2.524 Get:37 http://deb.debian.org/debian bookworm/main amd64 libjansson4 amd64 2.14-2 [40.8 kB]
#7 2.525 Get:38 http://deb.debian.org/debian bookworm/main amd64 binutils-x86-64-linux-gnu amd64 2.40-2 [2246 kB]
#7 2.569 Get:39 http://deb.debian.org/debian bookworm/main amd64 binutils amd64 2.40-2 [65.0 kB]
#7 2.570 Get:40 http://deb.debian.org/debian bookworm/main amd64 libc-dev-bin amd64 2.36-9+deb12u13 [47.4 kB]
#7 2.571 Get:41 http://deb.debian.org/debian-security bookworm-security/main amd64 linux-libc-dev amd64 6.1.158-1 [2204 kB]
#7 2.602 Get:42 http://deb.debian.org/debian bookworm/main amd64 libcrypt-dev amd64 1:4.4.33-2 [118 kB]
#7 2.604 Get:43 http://deb.debian.org/debian bookworm/main amd64 libtirpc-dev amd64 1.3.3+ds-1 [191 kB]
#7 2.606 Get:44 http://deb.debian.org/debian bookworm/main amd64 libnsl-dev amd64 1.3.0-2 [66.4 kB]
#7 2.606 Get:45 http://deb.debian.org/debian bookworm/main amd64 rpcsvc-proto amd64 1.4.3-1 [63.3 kB]
#7 2.607 Get:46 http://deb.debian.org/debian bookworm/main amd64 libc6-dev amd64 2.36-9+deb12u13 [1904 kB]
#7 2.636 Get:47 http://deb.debian.org/debian bookworm/main amd64 libisl23 amd64 0.25-1.1 [683 kB]
#7 2.639 Get:48 http://deb.debian.org/debian bookworm/main amd64 libmpfr6 amd64 4.2.0-1 [701 kB]
#7 2.653 Get:49 http://deb.debian.org/debian bookworm/main amd64 libmpc3 amd64 1.3.1-1 [51.5 kB]
#7 2.654 Get:50 http://deb.debian.org/debian bookworm/main amd64 cpp-12 amd64 12.2.0-14+deb12u1 [9768 kB]
#7 2.857 Get:51 http://deb.debian.org/debian bookworm/main amd64 cpp amd64 4:12.2.0-3 [6836 B]
#7 2.857 Get:52 http://deb.debian.org/debian bookworm/main amd64 libcc1-0 amd64 12.2.0-14+deb12u1 [41.7 kB]
#7 2.858 Get:53 http://deb.debian.org/debian bookworm/main amd64 libgomp1 amd64 12.2.0-14+deb12u1 [116 kB]
#7 2.859 Get:54 http://deb.debian.org/debian bookworm/main amd64 libitm1 amd64 12.2.0-14+deb12u1 [26.1 kB]
#7 2.860 Get:55 http://deb.debian.org/debian bookworm/main amd64 libatomic1 amd64 12.2.0-14+deb12u1 [9376 B]
#7 2.860 Get:56 http://deb.debian.org/debian bookworm/main amd64 libasan8 amd64 12.2.0-14+deb12u1 [2193 kB]
#7 2.906 Get:57 http://deb.debian.org/debian bookworm/main amd64 liblsan0 amd64 12.2.0-14+deb12u1 [969 kB]
#7 2.912 Get:58 http://deb.debian.org/debian bookworm/main amd64 libtsan2 amd64 12.2.0-14+deb12u1 [2197 kB]
#7 2.956 Get:59 http://deb.debian.org/debian bookworm/main amd64 libubsan1 amd64 12.2.0-14+deb12u1 [883 kB]
#7 2.961 Get:60 http://deb.debian.org/debian bookworm/main amd64 libquadmath0 amd64 12.2.0-14+deb12u1 [145 kB]
#7 2.961 Get:61 http://deb.debian.org/debian bookworm/main amd64 libgcc-12-dev amd64 12.2.0-14+deb12u1 [2437 kB]
#7 3.003 Get:62 http://deb.debian.org/debian bookworm/main amd64 gcc-12 amd64 12.2.0-14+deb12u1 [19.3 MB]
#7 ...

#8 [runner 3/8] RUN apt-get update && apt-get install -y --no-install-recommends     ca-certificates     openssl     && rm -rf /var/lib/apt/lists/*
#8 0.115 Get:1 http://deb.debian.org/debian bookworm InRelease [151 kB]
#8 0.127 Get:2 http://deb.debian.org/debian bookworm-updates InRelease [55.4 kB]
#8 0.131 Get:3 http://deb.debian.org/debian-security bookworm-security InRelease [48.0 kB]
#8 0.170 Get:4 http://deb.debian.org/debian bookworm/main amd64 Packages [8791 kB]
#8 0.219 Get:5 http://deb.debian.org/debian bookworm-updates/main amd64 Packages [6924 B]
#8 0.237 Get:6 http://deb.debian.org/debian-security bookworm-security/main amd64 Packages [288 kB]
#8 0.994 Fetched 9341 kB in 1s (10.5 MB/s)
#8 0.994 Reading package lists...
#8 1.375 Reading package lists...
#8 1.752 Building dependency tree...
#8 1.828 Reading state information...
#8 1.921 The following additional packages will be installed:
#8 1.921   libssl3
#8 1.934 The following NEW packages will be installed:
#8 1.935   ca-certificates libssl3 openssl
#8 1.952 0 upgraded, 3 newly installed, 0 to remove and 0 not upgraded.
#8 1.952 Need to get 3618 kB of archives.
#8 1.952 After this operation, 8920 kB of additional disk space will be used.
#8 1.952 Get:1 http://deb.debian.org/debian-security bookworm-security/main amd64 libssl3 amd64 3.0.17-1~deb12u3 [2028 kB]
#8 1.977 Get:2 http://deb.debian.org/debian-security bookworm-security/main amd64 openssl amd64 3.0.17-1~deb12u3 [1434 kB]
#8 1.983 Get:3 http://deb.debian.org/debian bookworm/main amd64 ca-certificates all 20230311+deb12u1 [155 kB]
#8 2.053 debconf: delaying package configuration, since apt-utils is not installed
#8 2.065 Fetched 3618 kB in 0s (80.8 MB/s)
#8 2.074 Selecting previously unselected package libssl3:amd64.
#8 2.074 (Reading database ... (Reading database ... 5%(Reading database ... 10%(Reading database ... 15%(Reading database ... 20%(Reading database ... 25%(Reading database ... 30%(Reading database ... 35%(Reading database ... 40%(Reading database ... 45%(Reading database ... 50%(Reading database ... 55%(Reading database ... 60%(Reading database ... 65%(Reading database ... 70%(Reading database ... 75%(Reading database ... 80%(Reading database ... 85%(Reading database ... 90%(Reading database ... 95%(Reading database ... 100%(Reading database ... 6095 files and directories currently installed.)
#8 2.076 Preparing to unpack .../libssl3_3.0.17-1~deb12u3_amd64.deb ...
#8 2.077 Unpacking libssl3:amd64 (3.0.17-1~deb12u3) ...
#8 2.192 Selecting previously unselected package openssl.
#8 2.193 Preparing to unpack .../openssl_3.0.17-1~deb12u3_amd64.deb ...
#8 2.193 Unpacking openssl (3.0.17-1~deb12u3) ...
#8 2.280 Selecting previously unselected package ca-certificates.
#8 2.281 Preparing to unpack .../ca-certificates_20230311+deb12u1_all.deb ...
#8 2.282 Unpacking ca-certificates (20230311+deb12u1) ...
#8 2.302 Setting up libssl3:amd64 (3.0.17-1~deb12u3) ...
#8 2.303 Setting up openssl (3.0.17-1~deb12u3) ...
#8 2.305 Setting up ca-certificates (20230311+deb12u1) ...
#8 2.357 debconf: unable to initialize frontend: Dialog
#8 2.357 debconf: (TERM is not set, so the dialog frontend is not usable.)
#8 2.357 debconf: falling back to frontend: Readline
#8 2.357 debconf: unable to initialize frontend: Readline
#8 2.357 debconf: (Can't locate Term/ReadLine.pm in @INC (you may need to install the Term::ReadLine module) (@INC contains: /etc/perl /usr/local/lib/x86_64-linux-gnu/perl/5.36.0 /usr/local/share/perl/5.36.0 /usr/lib/x86_64-linux-gnu/perl5/5.36 /usr/share/perl5 /usr/lib/x86_64-linux-gnu/perl-base /usr/lib/x86_64-linux-gnu/perl/5.36 /usr/share/perl/5.36 /usr/local/lib/site_perl) at /usr/share/perl5/Debconf/FrontEnd/Readline.pm line 7.)
#8 2.357 debconf: falling back to frontend: Teletype
#8 2.618 Updating certificates in /etc/ssl/certs...
#8 3.021 142 added, 0 removed; done.
#8 3.030 Processing triggers for libc-bin (2.36-9+deb12u13) ...
#8 3.034 Processing triggers for ca-certificates (20230311+deb12u1) ...
#8 3.037 Updating certificates in /etc/ssl/certs...
#8 3.338 0 added, 0 removed; done.
#8 3.338 Running hooks in /etc/ca-certificates/update.d...
#8 3.339 done.
#8 DONE 3.4s

#9 [runner 4/8] COPY package.json package-lock.json ./
#9 DONE 0.0s

#7 [base 3/3] RUN apt-get update && apt-get install -y --no-install-recommends     ca-certificates     openssl     libssl-dev     python3     make     g++     build-essential     && rm -rf /var/lib/apt/lists/*
#7 3.368 Get:63 http://deb.debian.org/debian bookworm/main amd64 gcc amd64 4:12.2.0-3 [5216 B]
#7 3.368 Get:64 http://deb.debian.org/debian bookworm/main amd64 libstdc++-12-dev amd64 12.2.0-14+deb12u1 [2047 kB]
#7 3.376 Get:65 http://deb.debian.org/debian bookworm/main amd64 g++-12 amd64 12.2.0-14+deb12u1 [10.7 MB]
#7 3.594 Get:66 http://deb.debian.org/debian bookworm/main amd64 g++ amd64 4:12.2.0-3 [1356 B]
#7 3.594 Get:67 http://deb.debian.org/debian bookworm/main amd64 make amd64 4.3-4.1 [396 kB]
#7 3.603 Get:68 http://deb.debian.org/debian bookworm/main amd64 libdpkg-perl all 1.21.22 [603 kB]
#7 3.606 Get:69 http://deb.debian.org/debian bookworm/main amd64 patch amd64 2.7.6-7 [128 kB]
#7 3.607 Get:70 http://deb.debian.org/debian bookworm/main amd64 dpkg-dev all 1.21.22 [1353 kB]
#7 3.611 Get:71 http://deb.debian.org/debian bookworm/main amd64 build-essential amd64 12.9 [7704 B]
#7 3.611 Get:72 http://deb.debian.org/debian-security bookworm-security/main amd64 libssl-dev amd64 3.0.17-1~deb12u3 [2441 kB]
#7 3.705 debconf: delaying package configuration, since apt-utils is not installed
#7 3.718 Fetched 87.1 MB in 1s (62.0 MB/s)
#7 3.726 Selecting previously unselected package perl-modules-5.36.
#7 3.726 (Reading database ... (Reading database ... 5%(Reading database ... 10%(Reading database ... 15%(Reading database ... 20%(Reading database ... 25%(Reading database ... 30%(Reading database ... 35%(Reading database ... 40%(Reading database ... 45%(Reading database ... 50%(Reading database ... 55%(Reading database ... 60%(Reading database ... 65%(Reading database ... 70%(Reading database ... 75%(Reading database ... 80%(Reading database ... 85%(Reading database ... 90%(Reading database ... 95%(Reading database ... 100%(Reading database ... 6095 files and directories currently installed.)
#7 3.729 Preparing to unpack .../0-perl-modules-5.36_5.36.0-7+deb12u3_all.deb ...
#7 3.730 Unpacking perl-modules-5.36 (5.36.0-7+deb12u3) ...
#7 3.941 Selecting previously unselected package libgdbm6:amd64.
#7 3.942 Preparing to unpack .../1-libgdbm6_1.23-3_amd64.deb ...
#7 3.943 Unpacking libgdbm6:amd64 (1.23-3) ...
#7 3.954 Selecting previously unselected package libgdbm-compat4:amd64.
#7 3.955 Preparing to unpack .../2-libgdbm-compat4_1.23-3_amd64.deb ...
#7 3.955 Unpacking libgdbm-compat4:amd64 (1.23-3) ...
#7 3.966 Selecting previously unselected package libperl5.36:amd64.
#7 3.967 Preparing to unpack .../3-libperl5.36_5.36.0-7+deb12u3_amd64.deb ...
#7 3.967 Unpacking libperl5.36:amd64 (5.36.0-7+deb12u3) ...
#7 4.222 Selecting previously unselected package perl.
#7 4.223 Preparing to unpack .../4-perl_5.36.0-7+deb12u3_amd64.deb ...
#7 4.226 Unpacking perl (5.36.0-7+deb12u3) ...
#7 4.250 Selecting previously unselected package libssl3:amd64.
#7 4.251 Preparing to unpack .../5-libssl3_3.0.17-1~deb12u3_amd64.deb ...
#7 4.251 Unpacking libssl3:amd64 (3.0.17-1~deb12u3) ...
#7 4.366 Selecting previously unselected package libpython3.11-minimal:amd64.
#7 4.367 Preparing to unpack .../6-libpython3.11-minimal_3.11.2-6+deb12u6_amd64.deb ...
#7 4.367 Unpacking libpython3.11-minimal:amd64 (3.11.2-6+deb12u6) ...
#7 4.425 Selecting previously unselected package libexpat1:amd64.
#7 4.426 Preparing to unpack .../7-libexpat1_2.5.0-1+deb12u2_amd64.deb ...
#7 4.427 Unpacking libexpat1:amd64 (2.5.0-1+deb12u2) ...
#7 4.442 Selecting previously unselected package python3.11-minimal.
#7 4.443 Preparing to unpack .../8-python3.11-minimal_3.11.2-6+deb12u6_amd64.deb ...
#7 4.445 Unpacking python3.11-minimal (3.11.2-6+deb12u6) ...
#7 4.586 Setting up libssl3:amd64 (3.0.17-1~deb12u3) ...
#7 4.587 Setting up libpython3.11-minimal:amd64 (3.11.2-6+deb12u6) ...
#7 4.589 Setting up libexpat1:amd64 (2.5.0-1+deb12u2) ...
#7 4.590 Setting up python3.11-minimal (3.11.2-6+deb12u6) ...
#7 5.090 Selecting previously unselected package python3-minimal.
#7 5.090 (Reading database ... (Reading database ... 5%(Reading database ... 10%(Reading database ... 15%(Reading database ... 20%(Reading database ... 25%(Reading database ... 30%(Reading database ... 35%(Reading database ... 40%(Reading database ... 45%(Reading database ... 50%(Reading database ... 55%(Reading database ... 60%(Reading database ... 65%(Reading database ... 70%(Reading database ... 75%(Reading database ... 80%(Reading database ... 85%(Reading database ... 90%(Reading database ... 95%(Reading database ... 100%(Reading database ... 8427 files and directories currently installed.)
#7 5.092 Preparing to unpack .../00-python3-minimal_3.11.2-1+b1_amd64.deb ...
#7 5.093 Unpacking python3-minimal (3.11.2-1+b1) ...
#7 5.102 Selecting previously unselected package media-types.
#7 5.102 Preparing to unpack .../01-media-types_10.0.0_all.deb ...
#7 5.103 Unpacking media-types (10.0.0) ...
#7 5.111 Selecting previously unselected package libncursesw6:amd64.
#7 5.112 Preparing to unpack .../02-libncursesw6_6.4-4_amd64.deb ...
#7 5.112 Unpacking libncursesw6:amd64 (6.4-4) ...
#7 5.127 Selecting previously unselected package libkrb5support0:amd64.
#7 5.128 Preparing to unpack .../03-libkrb5support0_1.20.1-2+deb12u4_amd64.deb ...
#7 5.128 Unpacking libkrb5support0:amd64 (1.20.1-2+deb12u4) ...
#7 5.137 Selecting previously unselected package libk5crypto3:amd64.
#7 5.138 Preparing to unpack .../04-libk5crypto3_1.20.1-2+deb12u4_amd64.deb ...
#7 5.138 Unpacking libk5crypto3:amd64 (1.20.1-2+deb12u4) ...
#7 5.150 Selecting previously unselected package libkeyutils1:amd64.
#7 5.151 Preparing to unpack .../05-libkeyutils1_1.6.3-2_amd64.deb ...
#7 5.152 Unpacking libkeyutils1:amd64 (1.6.3-2) ...
#7 5.159 Selecting previously unselected package libkrb5-3:amd64.
#7 5.160 Preparing to unpack .../06-libkrb5-3_1.20.1-2+deb12u4_amd64.deb ...
#7 5.160 Unpacking libkrb5-3:amd64 (1.20.1-2+deb12u4) ...
#7 5.192 Selecting previously unselected package libgssapi-krb5-2:amd64.
#7 5.193 Preparing to unpack .../07-libgssapi-krb5-2_1.20.1-2+deb12u4_amd64.deb ...
#7 5.193 Unpacking libgssapi-krb5-2:amd64 (1.20.1-2+deb12u4) ...
#7 5.210 Selecting previously unselected package libtirpc-common.
#7 5.211 Preparing to unpack .../08-libtirpc-common_1.3.3+ds-1_all.deb ...
#7 5.211 Unpacking libtirpc-common (1.3.3+ds-1) ...
#7 5.219 Selecting previously unselected package libtirpc3:amd64.
#7 5.220 Preparing to unpack .../09-libtirpc3_1.3.3+ds-1_amd64.deb ...
#7 5.220 Unpacking libtirpc3:amd64 (1.3.3+ds-1) ...
#7 5.234 Selecting previously unselected package libnsl2:amd64.
#7 5.234 Preparing to unpack .../10-libnsl2_1.3.0-2_amd64.deb ...
#7 5.235 Unpacking libnsl2:amd64 (1.3.0-2) ...
#7 5.245 Selecting previously unselected package readline-common.
#7 5.246 Preparing to unpack .../11-readline-common_8.2-1.3_all.deb ...
#7 5.246 Unpacking readline-common (8.2-1.3) ...
#7 5.259 Selecting previously unselected package libreadline8:amd64.
#7 5.259 Preparing to unpack .../12-libreadline8_8.2-1.3_amd64.deb ...
#7 5.260 Unpacking libreadline8:amd64 (8.2-1.3) ...
#7 5.280 Selecting previously unselected package libsqlite3-0:amd64.
#7 5.281 Preparing to unpack .../13-libsqlite3-0_3.40.1-2+deb12u2_amd64.deb ...
#7 5.281 Unpacking libsqlite3-0:amd64 (3.40.1-2+deb12u2) ...
#7 5.333 Selecting previously unselected package libpython3.11-stdlib:amd64.
#7 5.334 Preparing to unpack .../14-libpython3.11-stdlib_3.11.2-6+deb12u6_amd64.deb ...
#7 5.334 Unpacking libpython3.11-stdlib:amd64 (3.11.2-6+deb12u6) ...
#7 5.466 Selecting previously unselected package python3.11.
#7 5.467 Preparing to unpack .../15-python3.11_3.11.2-6+deb12u6_amd64.deb ...
#7 5.468 Unpacking python3.11 (3.11.2-6+deb12u6) ...
#7 5.487 Selecting previously unselected package libpython3-stdlib:amd64.
#7 5.488 Preparing to unpack .../16-libpython3-stdlib_3.11.2-1+b1_amd64.deb ...
#7 5.488 Unpacking libpython3-stdlib:amd64 (3.11.2-1+b1) ...
#7 5.498 Setting up python3-minimal (3.11.2-1+b1) ...
#7 5.596 Selecting previously unselected package python3.
#7 5.596 (Reading database ... (Reading database ... 5%(Reading database ... 10%(Reading database ... 15%(Reading database ... 20%(Reading database ... 25%(Reading database ... 30%(Reading database ... 35%(Reading database ... 40%(Reading database ... 45%(Reading database ... 50%(Reading database ... 55%(Reading database ... 60%(Reading database ... 65%(Reading database ... 70%(Reading database ... 75%(Reading database ... 80%(Reading database ... 85%(Reading database ... 90%(Reading database ... 95%(Reading database ... 100%(Reading database ... 8935 files and directories currently installed.)
#7 5.599 Preparing to unpack .../00-python3_3.11.2-1+b1_amd64.deb ...
#7 5.601 Unpacking python3 (3.11.2-1+b1) ...
#7 5.610 Selecting previously unselected package bzip2.
#7 5.610 Preparing to unpack .../01-bzip2_1.0.8-5+b1_amd64.deb ...
#7 5.611 Unpacking bzip2 (1.0.8-5+b1) ...
#7 5.621 Selecting previously unselected package openssl.
#7 5.622 Preparing to unpack .../02-openssl_3.0.17-1~deb12u3_amd64.deb ...
#7 5.622 Unpacking openssl (3.0.17-1~deb12u3) ...
#7 5.708 Selecting previously unselected package ca-certificates.
#7 5.709 Preparing to unpack .../03-ca-certificates_20230311+deb12u1_all.deb ...
#7 5.709 Unpacking ca-certificates (20230311+deb12u1) ...
#7 5.728 Selecting previously unselected package xz-utils.
#7 5.729 Preparing to unpack .../04-xz-utils_5.4.1-1_amd64.deb ...
#7 5.729 Unpacking xz-utils (5.4.1-1) ...
#7 5.767 Selecting previously unselected package binutils-common:amd64.
#7 5.767 Preparing to unpack .../05-binutils-common_2.40-2_amd64.deb ...
#7 5.768 Unpacking binutils-common:amd64 (2.40-2) ...
#7 5.933 Selecting previously unselected package libbinutils:amd64.
#7 5.934 Preparing to unpack .../06-libbinutils_2.40-2_amd64.deb ...
#7 5.935 Unpacking libbinutils:amd64 (2.40-2) ...
#7 5.979 Selecting previously unselected package libctf-nobfd0:amd64.
#7 5.980 Preparing to unpack .../07-libctf-nobfd0_2.40-2_amd64.deb ...
#7 5.980 Unpacking libctf-nobfd0:amd64 (2.40-2) ...
#7 5.997 Selecting previously unselected package libctf0:amd64.
#7 5.998 Preparing to unpack .../08-libctf0_2.40-2_amd64.deb ...
#7 5.999 Unpacking libctf0:amd64 (2.40-2) ...
#7 6.012 Selecting previously unselected package libgprofng0:amd64.
#7 6.013 Preparing to unpack .../09-libgprofng0_2.40-2_amd64.deb ...
#7 6.013 Unpacking libgprofng0:amd64 (2.40-2) ...
#7 6.073 Selecting previously unselected package libjansson4:amd64.
#7 6.074 Preparing to unpack .../10-libjansson4_2.14-2_amd64.deb ...
#7 6.074 Unpacking libjansson4:amd64 (2.14-2) ...
#7 6.083 Selecting previously unselected package binutils-x86-64-linux-gnu.
#7 6.084 Preparing to unpack .../11-binutils-x86-64-linux-gnu_2.40-2_amd64.deb ...
#7 6.085 Unpacking binutils-x86-64-linux-gnu (2.40-2) ...
#7 6.244 Selecting previously unselected package binutils.
#7 6.245 Preparing to unpack .../12-binutils_2.40-2_amd64.deb ...
#7 6.246 Unpacking binutils (2.40-2) ...
#7 6.258 Selecting previously unselected package libc-dev-bin.
#7 6.259 Preparing to unpack .../13-libc-dev-bin_2.36-9+deb12u13_amd64.deb ...
#7 6.259 Unpacking libc-dev-bin (2.36-9+deb12u13) ...
#7 6.271 Selecting previously unselected package linux-libc-dev:amd64.
#7 6.272 Preparing to unpack .../14-linux-libc-dev_6.1.158-1_amd64.deb ...
#7 6.272 Unpacking linux-libc-dev:amd64 (6.1.158-1) ...
#7 6.361 Selecting previously unselected package libcrypt-dev:amd64.
#7 6.362 Preparing to unpack .../15-libcrypt-dev_1%3a4.4.33-2_amd64.deb ...
#7 6.366 Unpacking libcrypt-dev:amd64 (1:4.4.33-2) ...
#7 6.381 Selecting previously unselected package libtirpc-dev:amd64.
#7 6.382 Preparing to unpack .../16-libtirpc-dev_1.3.3+ds-1_amd64.deb ...
#7 6.382 Unpacking libtirpc-dev:amd64 (1.3.3+ds-1) ...
#7 6.402 Selecting previously unselected package libnsl-dev:amd64.
#7 6.403 Preparing to unpack .../17-libnsl-dev_1.3.0-2_amd64.deb ...
#7 6.403 Unpacking libnsl-dev:amd64 (1.3.0-2) ...
#7 6.414 Selecting previously unselected package rpcsvc-proto.
#7 6.415 Preparing to unpack .../18-rpcsvc-proto_1.4.3-1_amd64.deb ...
#7 6.416 Unpacking rpcsvc-proto (1.4.3-1) ...
#7 6.428 Selecting previously unselected package libc6-dev:amd64.
#7 6.429 Preparing to unpack .../19-libc6-dev_2.36-9+deb12u13_amd64.deb ...
#7 6.429 Unpacking libc6-dev:amd64 (2.36-9+deb12u13) ...
#7 6.561 Selecting previously unselected package libisl23:amd64.
#7 6.562 Preparing to unpack .../20-libisl23_0.25-1.1_amd64.deb ...
#7 6.562 Unpacking libisl23:amd64 (0.25-1.1) ...
#7 6.612 Selecting previously unselected package libmpfr6:amd64.
#7 6.613 Preparing to unpack .../21-libmpfr6_4.2.0-1_amd64.deb ...
#7 6.614 Unpacking libmpfr6:amd64 (4.2.0-1) ...
#7 6.646 Selecting previously unselected package libmpc3:amd64.
#7 6.647 Preparing to unpack .../22-libmpc3_1.3.1-1_amd64.deb ...
#7 6.647 Unpacking libmpc3:amd64 (1.3.1-1) ...
#7 6.657 Selecting previously unselected package cpp-12.
#7 6.658 Preparing to unpack .../23-cpp-12_12.2.0-14+deb12u1_amd64.deb ...
#7 6.658 Unpacking cpp-12 (12.2.0-14+deb12u1) ...
#7 7.166 Selecting previously unselected package cpp.
#7 7.167 Preparing to unpack .../24-cpp_4%3a12.2.0-3_amd64.deb ...
#7 7.167 Unpacking cpp (4:12.2.0-3) ...
#7 7.175 Selecting previously unselected package libcc1-0:amd64.
#7 7.176 Preparing to unpack .../25-libcc1-0_12.2.0-14+deb12u1_amd64.deb ...
#7 7.176 Unpacking libcc1-0:amd64 (12.2.0-14+deb12u1) ...
#7 7.186 Selecting previously unselected package libgomp1:amd64.
#7 7.187 Preparing to unpack .../26-libgomp1_12.2.0-14+deb12u1_amd64.deb ...
#7 7.187 Unpacking libgomp1:amd64 (12.2.0-14+deb12u1) ...
#7 7.201 Selecting previously unselected package libitm1:amd64.
#7 7.202 Preparing to unpack .../27-libitm1_12.2.0-14+deb12u1_amd64.deb ...
#7 7.202 Unpacking libitm1:amd64 (12.2.0-14+deb12u1) ...
#7 7.211 Selecting previously unselected package libatomic1:amd64.
#7 7.212 Preparing to unpack .../28-libatomic1_12.2.0-14+deb12u1_amd64.deb ...
#7 7.212 Unpacking libatomic1:amd64 (12.2.0-14+deb12u1) ...
#7 7.220 Selecting previously unselected package libasan8:amd64.
#7 7.221 Preparing to unpack .../29-libasan8_12.2.0-14+deb12u1_amd64.deb ...
#7 7.221 Unpacking libasan8:amd64 (12.2.0-14+deb12u1) ...
#7 7.375 Selecting previously unselected package liblsan0:amd64.
#7 7.376 Preparing to unpack .../30-liblsan0_12.2.0-14+deb12u1_amd64.deb ...
#7 7.376 Unpacking liblsan0:amd64 (12.2.0-14+deb12u1) ...
#7 7.446 Selecting previously unselected package libtsan2:amd64.
#7 7.447 Preparing to unpack .../31-libtsan2_12.2.0-14+deb12u1_amd64.deb ...
#7 7.448 Unpacking libtsan2:amd64 (12.2.0-14+deb12u1) ...
#7 7.601 Selecting previously unselected package libubsan1:amd64.
#7 7.602 Preparing to unpack .../32-libubsan1_12.2.0-14+deb12u1_amd64.deb ...
#7 7.603 Unpacking libubsan1:amd64 (12.2.0-14+deb12u1) ...
#7 7.668 Selecting previously unselected package libquadmath0:amd64.
#7 7.669 Preparing to unpack .../33-libquadmath0_12.2.0-14+deb12u1_amd64.deb ...
#7 7.670 Unpacking libquadmath0:amd64 (12.2.0-14+deb12u1) ...
#7 7.685 Selecting previously unselected package libgcc-12-dev:amd64.
#7 7.686 Preparing to unpack .../34-libgcc-12-dev_12.2.0-14+deb12u1_amd64.deb ...
#7 7.687 Unpacking libgcc-12-dev:amd64 (12.2.0-14+deb12u1) ...
#7 7.828 Selecting previously unselected package gcc-12.
#7 7.828 Preparing to unpack .../35-gcc-12_12.2.0-14+deb12u1_amd64.deb ...
#7 7.829 Unpacking gcc-12 (12.2.0-14+deb12u1) ...
#7 8.382 Selecting previously unselected package gcc.
#7 8.383 Preparing to unpack .../36-gcc_4%3a12.2.0-3_amd64.deb ...
#7 8.383 Unpacking gcc (4:12.2.0-3) ...
#7 8.394 Selecting previously unselected package libstdc++-12-dev:amd64.
#7 8.395 Preparing to unpack .../37-libstdc++-12-dev_12.2.0-14+deb12u1_amd64.deb ...
#7 8.395 Unpacking libstdc++-12-dev:amd64 (12.2.0-14+deb12u1) ...
#7 8.535 Selecting previously unselected package g++-12.
#7 8.536 Preparing to unpack .../38-g++-12_12.2.0-14+deb12u1_amd64.deb ...
#7 8.536 Unpacking g++-12 (12.2.0-14+deb12u1) ...
#7 9.057 Selecting previously unselected package g++.
#7 9.058 Preparing to unpack .../39-g++_4%3a12.2.0-3_amd64.deb ...
#7 9.058 Unpacking g++ (4:12.2.0-3) ...
#7 9.065 Selecting previously unselected package make.
#7 9.066 Preparing to unpack .../40-make_4.3-4.1_amd64.deb ...
#7 9.067 Unpacking make (4.3-4.1) ...
#7 9.099 Selecting previously unselected package libdpkg-perl.
#7 9.100 Preparing to unpack .../41-libdpkg-perl_1.21.22_all.deb ...
#7 9.100 Unpacking libdpkg-perl (1.21.22) ...
#7 9.138 Selecting previously unselected package patch.
#7 9.139 Preparing to unpack .../42-patch_2.7.6-7_amd64.deb ...
#7 9.139 Unpacking patch (2.7.6-7) ...
#7 9.154 Selecting previously unselected package dpkg-dev.
#7 9.155 Preparing to unpack .../43-dpkg-dev_1.21.22_all.deb ...
#7 9.155 Unpacking dpkg-dev (1.21.22) ...
#7 9.233 Selecting previously unselected package build-essential.
#7 9.234 Preparing to unpack .../44-build-essential_12.9_amd64.deb ...
#7 9.234 Unpacking build-essential (12.9) ...
#7 9.241 Selecting previously unselected package libssl-dev:amd64.
#7 9.242 Preparing to unpack .../45-libssl-dev_3.0.17-1~deb12u3_amd64.deb ...
#7 9.242 Unpacking libssl-dev:amd64 (3.0.17-1~deb12u3) ...
#7 9.388 Setting up media-types (10.0.0) ...
#7 9.390 Setting up libkeyutils1:amd64 (1.6.3-2) ...
#7 9.391 Setting up libtirpc-common (1.3.3+ds-1) ...
#7 9.392 Setting up libsqlite3-0:amd64 (3.40.1-2+deb12u2) ...
#7 9.393 Setting up binutils-common:amd64 (2.40-2) ...
#7 9.395 Setting up linux-libc-dev:amd64 (6.1.158-1) ...
#7 9.396 Setting up libctf-nobfd0:amd64 (2.40-2) ...
#7 9.397 Setting up libgomp1:amd64 (12.2.0-14+deb12u1) ...
#7 9.398 Setting up bzip2 (1.0.8-5+b1) ...
#7 9.399 Setting up libjansson4:amd64 (2.14-2) ...
#7 9.400 Setting up libkrb5support0:amd64 (1.20.1-2+deb12u4) ...
#7 9.401 Setting up perl-modules-5.36 (5.36.0-7+deb12u3) ...
#7 9.402 Setting up rpcsvc-proto (1.4.3-1) ...
#7 9.403 Setting up make (4.3-4.1) ...
#7 9.404 Setting up libmpfr6:amd64 (4.2.0-1) ...
#7 9.405 Setting up xz-utils (5.4.1-1) ...
#7 9.408 update-alternatives: using /usr/bin/xz to provide /usr/bin/lzma (lzma) in auto mode
#7 9.408 update-alternatives: warning: skip creation of /usr/share/man/man1/lzma.1.gz because associated file /usr/share/man/man1/xz.1.gz (of link group lzma) doesn't exist
#7 9.408 update-alternatives: warning: skip creation of /usr/share/man/man1/unlzma.1.gz because associated file /usr/share/man/man1/unxz.1.gz (of link group lzma) doesn't exist
#7 9.408 update-alternatives: warning: skip creation of /usr/share/man/man1/lzcat.1.gz because associated file /usr/share/man/man1/xzcat.1.gz (of link group lzma) doesn't exist
#7 9.408 update-alternatives: warning: skip creation of /usr/share/man/man1/lzmore.1.gz because associated file /usr/share/man/man1/xzmore.1.gz (of link group lzma) doesn't exist
#7 9.408 update-alternatives: warning: skip creation of /usr/share/man/man1/lzless.1.gz because associated file /usr/share/man/man1/xzless.1.gz (of link group lzma) doesn't exist
#7 9.408 update-alternatives: warning: skip creation of /usr/share/man/man1/lzdiff.1.gz because associated file /usr/share/man/man1/xzdiff.1.gz (of link group lzma) doesn't exist
#7 9.408 update-alternatives: warning: skip creation of /usr/share/man/man1/lzcmp.1.gz because associated file /usr/share/man/man1/xzcmp.1.gz (of link group lzma) doesn't exist
#7 9.408 update-alternatives: warning: skip creation of /usr/share/man/man1/lzgrep.1.gz because associated file /usr/share/man/man1/xzgrep.1.gz (of link group lzma) doesn't exist
#7 9.408 update-alternatives: warning: skip creation of /usr/share/man/man1/lzegrep.1.gz because associated file /usr/share/man/man1/xzegrep.1.gz (of link group lzma) doesn't exist
#7 9.408 update-alternatives: warning: skip creation of /usr/share/man/man1/lzfgrep.1.gz because associated file /usr/share/man/man1/xzfgrep.1.gz (of link group lzma) doesn't exist
#7 9.410 Setting up libquadmath0:amd64 (12.2.0-14+deb12u1) ...
#7 9.410 Setting up libssl-dev:amd64 (3.0.17-1~deb12u3) ...
#7 9.411 Setting up libmpc3:amd64 (1.3.1-1) ...
#7 9.412 Setting up libatomic1:amd64 (12.2.0-14+deb12u1) ...
#7 9.413 Setting up patch (2.7.6-7) ...
#7 9.414 Setting up libncursesw6:amd64 (6.4-4) ...
#7 9.414 Setting up libk5crypto3:amd64 (1.20.1-2+deb12u4) ...
#7 9.415 Setting up libubsan1:amd64 (12.2.0-14+deb12u1) ...
#7 9.416 Setting up libcrypt-dev:amd64 (1:4.4.33-2) ...
#7 9.420 Setting up libasan8:amd64 (12.2.0-14+deb12u1) ...
#7 9.421 Setting up libkrb5-3:amd64 (1.20.1-2+deb12u4) ...
#7 9.421 Setting up libtsan2:amd64 (12.2.0-14+deb12u1) ...
#7 9.422 Setting up libbinutils:amd64 (2.40-2) ...
#7 9.423 Setting up libisl23:amd64 (0.25-1.1) ...
#7 9.424 Setting up libc-dev-bin (2.36-9+deb12u13) ...
#7 9.425 Setting up openssl (3.0.17-1~deb12u3) ...
#7 9.427 Setting up readline-common (8.2-1.3) ...
#7 9.429 Setting up libcc1-0:amd64 (12.2.0-14+deb12u1) ...
#7 9.430 Setting up liblsan0:amd64 (12.2.0-14+deb12u1) ...
#7 9.431 Setting up libitm1:amd64 (12.2.0-14+deb12u1) ...
#7 9.431 Setting up libgdbm6:amd64 (1.23-3) ...
#7 9.432 Setting up libctf0:amd64 (2.40-2) ...
#7 9.433 Setting up cpp-12 (12.2.0-14+deb12u1) ...
#7 9.434 Setting up libreadline8:amd64 (8.2-1.3) ...
#7 9.435 Setting up ca-certificates (20230311+deb12u1) ...
#7 9.486 debconf: unable to initialize frontend: Dialog
#7 9.486 debconf: (TERM is not set, so the dialog frontend is not usable.)
#7 9.486 debconf: falling back to frontend: Readline
#7 9.491 debconf: unable to initialize frontend: Readline
#7 9.491 debconf: (This frontend requires a controlling tty.)
#7 9.491 debconf: falling back to frontend: Teletype
#7 9.735 Updating certificates in /etc/ssl/certs...
#7 10.11 142 added, 0 removed; done.
#7 10.12 Setting up libgprofng0:amd64 (2.40-2) ...
#7 10.12 Setting up libgcc-12-dev:amd64 (12.2.0-14+deb12u1) ...
#7 10.12 Setting up libgssapi-krb5-2:amd64 (1.20.1-2+deb12u4) ...
#7 10.12 Setting up libgdbm-compat4:amd64 (1.23-3) ...
#7 10.12 Setting up cpp (4:12.2.0-3) ...
#7 10.12 Setting up libperl5.36:amd64 (5.36.0-7+deb12u3) ...
#7 10.12 Setting up binutils-x86-64-linux-gnu (2.40-2) ...
#7 10.13 Setting up libtirpc3:amd64 (1.3.3+ds-1) ...
#7 10.13 Setting up binutils (2.40-2) ...
#7 10.13 Setting up perl (5.36.0-7+deb12u3) ...
#7 10.13 Setting up libtirpc-dev:amd64 (1.3.3+ds-1) ...
#7 10.13 Setting up gcc-12 (12.2.0-14+deb12u1) ...
#7 10.13 Setting up libdpkg-perl (1.21.22) ...
#7 10.13 Setting up libnsl2:amd64 (1.3.0-2) ...
#7 10.14 Setting up libpython3.11-stdlib:amd64 (3.11.2-6+deb12u6) ...
#7 10.14 Setting up gcc (4:12.2.0-3) ...
#7 10.14 Setting up dpkg-dev (1.21.22) ...
#7 10.14 Setting up libnsl-dev:amd64 (1.3.0-2) ...
#7 10.14 Setting up libc6-dev:amd64 (2.36-9+deb12u13) ...
#7 10.14 Setting up libpython3-stdlib:amd64 (3.11.2-1+b1) ...
#7 10.15 Setting up python3.11 (3.11.2-6+deb12u6) ...
#7 10.68 Setting up libstdc++-12-dev:amd64 (12.2.0-14+deb12u1) ...
#7 10.68 Setting up python3 (3.11.2-1+b1) ...
#7 10.69 running python rtupdate hooks for python3.11...
#7 10.69 running python post-rtupdate hooks for python3.11...
#7 10.75 Setting up g++-12 (12.2.0-14+deb12u1) ...
#7 10.75 Setting up g++ (4:12.2.0-3) ...
#7 10.75 update-alternatives: using /usr/bin/g++ to provide /usr/bin/c++ (c++) in auto mode
#7 10.75 Setting up build-essential (12.9) ...
#7 10.75 Processing triggers for libc-bin (2.36-9+deb12u13) ...
#7 10.76 Processing triggers for ca-certificates (20230311+deb12u1) ...
#7 10.76 Updating certificates in /etc/ssl/certs...
#7 11.05 0 added, 0 removed; done.
#7 11.05 Running hooks in /etc/ca-certificates/update.d...
#7 11.05 done.
#7 DONE 11.2s

#10 [builder 1/4] COPY package.json package-lock.json ./
#10 DONE 0.0s

#11 [deps 2/2] RUN npm install hono@4.10.2 glob@10.5.0 cross-spawn@7.0.5 brace-expansion@2.0.2 && npm install
#11 12.69 
#11 12.69 added 525 packages, and audited 526 packages in 13s
#11 12.69 
#11 12.69 173 packages are looking for funding
#11 12.69   run `npm fund` for details
#11 12.77 
#11 12.77 4 high severity vulnerabilities
#11 12.77 
#11 12.77 To address all issues (including breaking changes), run:
#11 12.77   npm audit fix --force
#11 12.77 
#11 12.77 Run `npm audit` for details.
#11 12.77 npm notice
#11 12.77 npm notice New major version of npm available! 10.8.2 -> 11.6.4
#11 12.77 npm notice Changelog: https://github.com/npm/cli/releases/tag/v11.6.4
#11 12.77 npm notice To update run: npm install -g npm@11.6.4
#11 12.77 npm notice
#11 14.82 
#11 14.82 up to date, audited 526 packages in 2s
#11 14.82 
#11 14.82 173 packages are looking for funding
#11 14.82   run `npm fund` for details
#11 14.89 
#11 14.89 4 vulnerabilities (1 moderate, 3 high)
#11 14.89 
#11 14.89 To address all issues (including breaking changes), run:
#11 14.89   npm audit fix --force
#11 14.89 
#11 14.89 Run `npm audit` for details.
#11 DONE 15.8s

#12 [builder 2/4] COPY --from=deps /app/node_modules ./node_modules
#12 DONE 4.0s

#13 [runner 5/8] COPY --from=deps /app/node_modules ./node_modules
#13 DONE 4.1s

#14 [builder 3/4] COPY . .
#14 DONE 0.0s

#15 [runner 6/8] RUN npm prune --omit=dev
#15 3.856 
#15 3.856 up to date, audited 208 packages in 4s
#15 3.856 
#15 3.856 41 packages are looking for funding
#15 3.856   run `npm fund` for details
#15 3.932 
#15 3.932 4 high severity vulnerabilities
#15 3.932 
#15 3.932 To address all issues (including breaking changes), run:
#15 3.932   npm audit fix --force
#15 3.932 
#15 3.932 Run `npm audit` for details.
#15 3.932 npm notice
#15 3.932 npm notice New major version of npm available! 10.8.2 -> 11.6.4
#15 3.932 npm notice Changelog: https://github.com/npm/cli/releases/tag/v11.6.4
#15 3.932 npm notice To update run: npm install -g npm@11.6.4
#15 3.932 npm notice
#15 DONE 4.0s

#16 [builder 4/4] RUN npm run build
#16 0.308 
#16 0.308 > goodfork@0.1.0 build
#16 0.308 > echo DATABASE_URL=$VELA_DATABASE_URL >> .env.local && next build
#16 0.308 
#16 0.546 [baseline-browser-mapping] The data in this module is over two months old.  To ensure accurate Baseline data, please update: `npm i baseline-browser-mapping@latest -D`
#16 0.948 Attention: Next.js now collects completely anonymous telemetry regarding usage.
#16 0.948 This information is used to shape Next.js' roadmap and prioritize features.
#16 0.948 You can learn more, including how to opt-out if you'd not like to participate in this anonymous program, by visiting the following URL:
#16 0.948 https://nextjs.org/telemetry
#16 0.948 
#16 0.960    â–² Next.js 16.0.3 (Turbopack)
#16 0.960    - Environments: .env.local
#16 0.960 
#16 1.031    Creating an optimized production build ...
#16 1.124 [baseline-browser-mapping] The data in this module is over two months old.  To ensure accurate Baseline data, please update: `npm i baseline-browser-mapping@latest -D`
#16 3.618  âœ“ Compiled successfully in 2.3s
#16 3.621    Running TypeScript ...
#16 7.420    Collecting page data using 15 workers ...
#16 7.616 [baseline-browser-mapping] The data in this module is over two months old.  To ensure accurate Baseline data, please update: `npm i baseline-browser-mapping@latest -D`
#16 7.616 [baseline-browser-mapping] The data in this module is over two months old.  To ensure accurate Baseline data, please update: `npm i baseline-browser-mapping@latest -D`
#16 7.622 [baseline-browser-mapping] The data in this module is over two months old.  To ensure accurate Baseline data, please update: `npm i baseline-browser-mapping@latest -D`
#16 7.622 [baseline-browser-mapping] The data in this module is over two months old.  To ensure accurate Baseline data, please update: `npm i baseline-browser-mapping@latest -D`
#16 7.622 [baseline-browser-mapping] The data in this module is over two months old.  To ensure accurate Baseline data, please update: `npm i baseline-browser-mapping@latest -D`
#16 7.622 [baseline-browser-mapping] The data in this module is over two months old.  To ensure accurate Baseline data, please update: `npm i baseline-browser-mapping@latest -D`
#16 7.623 [baseline-browser-mapping] The data in this module is over two months old.  To ensure accurate Baseline data, please update: `npm i baseline-browser-mapping@latest -D`
#16 7.624 [baseline-browser-mapping] The data in this module is over two months old.  To ensure accurate Baseline data, please update: `npm i baseline-browser-mapping@latest -D`
#16 7.624 [baseline-browser-mapping] The data in this module is over two months old.  To ensure accurate Baseline data, please update: `npm i baseline-browser-mapping@latest -D`
#16 7.625 [baseline-browser-mapping] The data in this module is over two months old.  To ensure accurate Baseline data, please update: `npm i baseline-browser-mapping@latest -D`
#16 7.627 [baseline-browser-mapping] The data in this module is over two months old.  To ensure accurate Baseline data, please update: `npm i baseline-browser-mapping@latest -D`
#16 7.630 [baseline-browser-mapping] The data in this module is over two months old.  To ensure accurate Baseline data, please update: `npm i baseline-browser-mapping@latest -D`
#16 7.630 [baseline-browser-mapping] The data in this module is over two months old.  To ensure accurate Baseline data, please update: `npm i baseline-browser-mapping@latest -D`
#16 7.630 [baseline-browser-mapping] The data in this module is over two months old.  To ensure accurate Baseline data, please update: `npm i baseline-browser-mapping@latest -D`
#16 7.645 [baseline-browser-mapping] The data in this module is over two months old.  To ensure accurate Baseline data, please update: `npm i baseline-browser-mapping@latest -D`
#16 8.031    Generating static pages using 15 workers (0/17) ...
#16 8.196 [baseline-browser-mapping] The data in this module is over two months old.  To ensure accurate Baseline data, please update: `npm i baseline-browser-mapping@latest -D`
#16 8.521    Generating static pages using 15 workers (4/17) 
#16 8.532    Generating static pages using 15 workers (8/17) 
#16 8.550    Generating static pages using 15 workers (12/17) 
#16 8.606  âœ“ Generating static pages using 15 workers (17/17) in 575.4ms
#16 8.616    Finalizing page optimization ...
#16 8.620 
#16 8.622 Route (app)
#16 8.622 â”Œ Æ’ /
#16 8.622 â”œ Æ’ /_not-found
#16 8.622 â”œ Æ’ /admin
#16 8.622 â”œ Æ’ /admin/inventory
#16 8.622 â”œ Æ’ /admin/recipes
#16 8.622 â”œ Æ’ /api/admin/inventory
#16 8.622 â”œ Æ’ /api/admin/inventory/import
#16 8.622 â”œ Æ’ /api/admin/recipes
#16 8.622 â”œ Æ’ /api/admin/recipes/[id]
#16 8.622 â”œ Æ’ /api/feedback
#16 8.622 â”œ Æ’ /api/health
#16 8.622 â”œ Æ’ /api/login
#16 8.622 â”œ Æ’ /api/onboarding
#16 8.622 â”œ Æ’ /api/profile
#16 8.622 â”œ Æ’ /api/recommendations
#16 8.622 â”œ Æ’ /menus
#16 8.622 â”œ Æ’ /onboarding
#16 8.622 â”” Æ’ /personalization
#16 8.622 
#16 8.622 
#16 8.623 Æ’  (Dynamic)  server-rendered on demand
#16 8.623 
#16 8.735 npm notice
#16 8.735 npm notice New major version of npm available! 10.8.2 -> 11.6.4
#16 8.735 npm notice Changelog: https://github.com/npm/cli/releases/tag/v11.6.4
#16 8.735 npm notice To update run: npm install -g npm@11.6.4
#16 8.735 npm notice
#16 DONE 8.7s

#17 [runner 7/8] COPY --from=builder /app/.next ./.next
#17 DONE 0.0s

#18 [runner 8/8] COPY --from=builder /app/public ./public
#18 DONE 0.0s

#19 exporting to image
#19 exporting layers
#19 exporting layers 14.8s done
#19 writing image sha256:06ed0b8254a6ecb2c4894f676c9c77b6d4ecc7ccc5772415196ae3453f8864bd done
#19 naming to docker.io/library/f51f0f79c31771f79c54f83c36cac7068362d126 done
#19 DONE 14.8s
+ /usr/local/bin/docker tag f51f0f79c31771f79c54f83c36cac7068362d126 869111227120.dkr.ecr.us-east-1.amazonaws.com/goodfork-app:tutorial-f51f0f7
+ sysdig-cli-scanner --detailed-policies-eval -a https://secure.sysdig.com docker://869111227120.dkr.ecr.us-east-1.amazonaws.com/goodfork-app:tutorial-f51f0f7
2025-12-01T10:07:18Z Starting analysis with Sysdig scanner version 1.22.6
2025-12-01T10:07:18Z Retrieving MainDB...
2025-12-01T10:07:20Z Done 215.3 MB
2025-12-01T10:07:20Z Loading MainDB V3...
2025-12-01T10:07:20Z Done
2025-12-01T10:07:20Z Retrieving image...
time="2025-12-01T10:07:20Z" level=error msg="Failed to built-in GetDriver graph btrfs /var/lib/containers/storage"
2025-12-01T10:07:27Z Done
2025-12-01T10:07:27Z Scan started...
2025-12-01T10:07:27Z Uploading image sbom to backend...
2025-12-01T10:07:28Z Uploading scanresult with sbom to backend...
2025-12-01T10:07:28Z Done
2025-12-01T10:07:28Z Total execution time 9.281379174s

Type: dockerImage
ImageID: sha256:06ed0b8254a6ecb2c4894f676c9c77b6d4ecc7ccc5772415196ae3453f8864bd
Digest: 
BaseOS: debian 12.12
PullString: 869111227120.dkr.ecr.us-east-1.amazonaws.com/goodfork-app:tutorial-f51f0f7

82 vulnerabilities found
2 Critical (0 fixable)
13 High (2 fixable)
15 Medium (2 fixable)
4 Low (1 fixable)
48 Negligible (0 fixable)


      PACKAGE         TYPE     VERSION  SUGGESTED FIX  CRITICAL  HIGH  MEDIUM  LOW  NEGLIGIBLE  EXPLOIT  
  hono             javascript  4.7.10      4.10.2         0       1      1      0       0          0     
  glob             javascript  10.4.2      10.5.0         0       1      0      0       0          0     
  cross-spawn      javascript   7.0.3       7.0.5         0       0      1      0       0          0     
  brace-expansion  javascript   2.0.1       2.0.2         0       0      0      1       0          0     

                             POLICIES EVALUATION
    Policy: Cargill best practices FAILED (13 failures - 12 risks accepted)
      âœ“ Severity greater than or equal HIGH and Disclosure date older than or equal 60 days and Package type is os
        CVE-2025-6020    in package libpam-modules failing vulnerability rule in bundle Block OS Vulnerabilities Greater than...    Accepted
        CVE-2025-8941    in package libpam-modules failing vulnerability rule in bundle Block OS Vulnerabilities Greater than...    Accepted
        CVE-2025-6020    in package libpam-modules-bin failing vulnerability rule in bundle Block OS Vulnerabilities Greater ...    Accepted
        CVE-2025-8941    in package libpam-modules-bin failing vulnerability rule in bundle Block OS Vulnerabilities Greater ...    Accepted
        CVE-2025-6020    in package libpam-runtime failing vulnerability rule in bundle Block OS Vulnerabilities Greater than...    Accepted
        CVE-2025-8941    in package libpam-runtime failing vulnerability rule in bundle Block OS Vulnerabilities Greater than...    Accepted
        CVE-2025-6020    in package libpam0g  failing vulnerability rule in bundle Block OS Vulnerabilities Greater than 60 Days    Accepted
        CVE-2025-8941    in package libpam0g  failing vulnerability rule in bundle Block OS Vulnerabilities Greater than 60 Days    Accepted
        CVE-2025-6141    in package libtinfo6 failing vulnerability rule in bundle Block OS Vulnerabilities Greater than 60 Days    Accepted
        CVE-2025-6141    in package ncurses-base failing vulnerability rule in bundle Block OS Vulnerabilities Greater than 6...    Accepted
        CVE-2025-6141    in package ncurses-bin failing vulnerability rule in bundle Block OS Vulnerabilities Greater than 60...    Accepted
        CVE-2023-45853   in package zlib1g    failing vulnerability rule in bundle Block OS Vulnerabilities Greater than 60 Days    Accepted
      x Severity greater than or equal HIGH and Disclosure date older than or equal 15 days and Package type is nonOs
        CVE-2025-62610   in package hono failing vulnerability rule in bundle Critical and High Non-OS Vulnerabilities and Lo...
      âœ“ Severity greater than or equal LOW and Package type is nonOs and Public Exploit available


Policies evaluation FAILED at 2025-12-01T10:07:28Z
Full image results here: https://secure.sysdig.com/#/vulnerabilities/results/187d0f7a8cbbfa0642d84232b58b1c10/overview (id 187d0f7a8cbbfa0642d84232b58b1c10)
Execution logs written to: /vela/src/git.cglcloud.com/VishalGrover/goodfork/scan-logs

The image scan failed due to vulnerabilities being found.
See https://engineering.cargill.com/services/enablement/sysdig/overview.html for more information.
exit status 1
